\BOOKMARK [1][-]{section.1}{\376\377\000I\000n\000t\000r\000o\000d\000u\000c\000t\000i\000o\000n\000\040\000t\000o\000\040\000t\000h\000e\000\040\000P\000r\000o\000g\000r\000a\000m}{}% 1
\BOOKMARK [2][-]{subsection.1.1}{\376\377\000T\000h\000e\000\040\000M\000e\000n\000u}{section.1}% 2
\BOOKMARK [3][-]{subsubsection.1.1.1}{\376\377\000F\000i\000l\000e}{subsection.1.1}% 3
\BOOKMARK [3][-]{subsubsection.1.1.2}{\376\377\000E\000d\000i\000t}{subsection.1.1}% 4
\BOOKMARK [3][-]{subsubsection.1.1.3}{\376\377\000H\000e\000l\000p}{subsection.1.1}% 5
\BOOKMARK [2][-]{subsection.1.2}{\376\377\000T\000o\000o\000l\000b\000a\000r\000\040\000M\000o\000d\000e\000s}{section.1}% 6
\BOOKMARK [3][-]{subsubsection.1.2.1}{\376\377\000V\000i\000e\000w\000e\000r\000\040\000M\000o\000d\000e}{subsection.1.2}% 7
\BOOKMARK [3][-]{subsubsection.1.2.2}{\376\377\000E\000d\000i\000t\000o\000r\000\040\000M\000o\000d\000e}{subsection.1.2}% 8
\BOOKMARK [1][-]{section.2}{\376\377\000E\000x\000p\000l\000o\000r\000i\000n\000g\000\040\000t\000h\000e\000\040\000T\000e\000c\000h\000n\000i\000c\000a\000l\000\040\000D\000e\000p\000t\000h\000s}{}% 9
\BOOKMARK [2][-]{subsection.2.1}{\376\377\000G\000e\000n\000e\000r\000a\000l\000\040\000D\000e\000s\000i\000g\000n\000\040\000o\000f\000\040\000t\000h\000e\000\040\000P\000r\000o\000g\000r\000a\000m}{section.2}% 10
\BOOKMARK [3][-]{subsubsection.2.1.1}{\376\377\000C\000o\000n\000t\000r\000o\000l\000l\000e\000r\000s}{subsection.2.1}% 11
\BOOKMARK [3][-]{subsubsection.2.1.2}{\376\377\000L\000i\000s\000t\000e\000n\000e\000r\000s}{subsection.2.1}% 12
\BOOKMARK [2][-]{subsection.2.2}{\376\377\000L\000a\000y\000o\000u\000t}{section.2}% 13
\BOOKMARK [3][-]{subsubsection.2.2.1}{\376\377\000T\000r\000e\000e\000\040\000L\000a\000y\000o\000u\000t}{subsection.2.2}% 14
\BOOKMARK [3][-]{subsubsection.2.2.2}{\376\377\000C\000i\000r\000c\000l\000e\000\040\000L\000a\000y\000o\000u\000t}{subsection.2.2}% 15
\BOOKMARK [2][-]{subsection.2.3}{\376\377\000P\000a\000c\000k\000a\000g\000e\000s}{section.2}% 16
\BOOKMARK [3][-]{subsubsection.2.3.1}{\376\377\000c\000o\000n\000t\000r\000o\000l}{subsection.2.3}% 17
\BOOKMARK [3][-]{subsubsection.2.3.2}{\376\377\000c\000o\000r\000e}{subsection.2.3}% 18
\BOOKMARK [3][-]{subsubsection.2.3.3}{\376\377\000e\000x\000c\000e\000p\000t\000i\000o\000n\000s}{subsection.2.3}% 19
\BOOKMARK [3][-]{subsubsection.2.3.4}{\376\377\000g\000u\000i}{subsection.2.3}% 20
\BOOKMARK [3][-]{subsubsection.2.3.5}{\376\377\000l\000i\000s\000t\000e\000n\000e\000r\000s}{subsection.2.3}% 21
\BOOKMARK [3][-]{subsubsection.2.3.6}{\376\377\000r\000e\000a\000c\000h\000a\000b\000i\000l\000i\000t\000y\000G\000r\000a\000p\000h\000L\000a\000y\000o\000u\000t}{subsection.2.3}% 22
\BOOKMARK [3][-]{subsubsection.2.3.7}{\376\377\000u\000t\000i\000l}{subsection.2.3}% 23
