This is pdfTeX, Version 3.141592653-2.6-1.40.22 (TeX Live 2022/dev/Debian) (preloaded format=pdflatex 2023.11.30)  11 DEC 2023 12:46
entering extended mode
 restricted \write18 enabled.
 %&-line parsing enabled.
**main.tex
(./main.tex
LaTeX2e <2021-11-15> patch level 1
L3 programming layer <2022-01-21>
(/usr/share/texlive/texmf-dist/tex/latex/base/article.cls
Document Class: article 2021/10/04 v1.4n Standard LaTeX document class
(/usr/share/texlive/texmf-dist/tex/latex/base/size10.clo
File: size10.clo 2021/10/04 v1.4n Standard LaTeX file (size option)
)
\c@part=\count185
\c@section=\count186
\c@subsection=\count187
\c@subsubsection=\count188
\c@paragraph=\count189
\c@subparagraph=\count190
\c@figure=\count191
\c@table=\count192
\abovecaptionskip=\skip47
\belowcaptionskip=\skip48
\bibindent=\dimen138
)
(/usr/share/texlive/texmf-dist/tex/latex/geometry/geometry.sty
Package: geometry 2020/01/02 v5.9 Page Geometry

(/usr/share/texlive/texmf-dist/tex/latex/graphics/keyval.sty
Package: keyval 2014/10/28 v1.15 key=value parser (DPC)
\KV@toks@=\toks16
)
(/usr/share/texlive/texmf-dist/tex/generic/iftex/ifvtex.sty
Package: ifvtex 2019/10/25 v1.7 ifvtex legacy package. Use iftex instead.

(/usr/share/texlive/texmf-dist/tex/generic/iftex/iftex.sty
Package: iftex 2020/03/06 v1.0d TeX engine tests
))
\Gm@cnth=\count193
\Gm@cntv=\count194
\c@Gm@tempcnt=\count195
\Gm@bindingoffset=\dimen139
\Gm@wd@mp=\dimen140
\Gm@odd@mp=\dimen141
\Gm@even@mp=\dimen142
\Gm@layoutwidth=\dimen143
\Gm@layoutheight=\dimen144
\Gm@layouthoffset=\dimen145
\Gm@layoutvoffset=\dimen146
\Gm@dimlist=\toks17
)
(/usr/share/texlive/texmf-dist/tex/generic/babel/babel.sty
Package: babel 2022/01/26 3.70 The Babel package
\babel@savecnt=\count196
\U@D=\dimen147
\l@unhyphenated=\language8

(/usr/share/texlive/texmf-dist/tex/generic/babel/txtbabel.def)
\bbl@readstream=\read2
\bbl@dirlevel=\count197

(/usr/share/texlive/texmf-dist/tex/generic/babel-english/english.ldf
Language: english 2017/06/06 v3.3r English support from the babel system
Package babel Info: Hyphen rules for 'british' set to \l@english
(babel)             (\language0). Reported on input line 82.
Package babel Info: Hyphen rules for 'UKenglish' set to \l@english
(babel)             (\language0). Reported on input line 83.
Package babel Info: Hyphen rules for 'canadian' set to \l@english
(babel)             (\language0). Reported on input line 102.
Package babel Info: Hyphen rules for 'australian' set to \l@english
(babel)             (\language0). Reported on input line 105.
Package babel Info: Hyphen rules for 'newzealand' set to \l@english
(babel)             (\language0). Reported on input line 108.
))
(/usr/share/texlive/texmf-dist/tex/latex/csquotes/csquotes.sty
Package: csquotes 2021-02-22 v5.2l context-sensitive quotations (JAW)

(/usr/share/texlive/texmf-dist/tex/latex/etoolbox/etoolbox.sty
Package: etoolbox 2020/10/05 v2.5k e-TeX tools for LaTeX (JAW)
\etb@tempcnta=\count198
)
\csq@reset=\count199
\csq@gtype=\count266
\csq@glevel=\count267
\csq@qlevel=\count268
\csq@maxlvl=\count269
\csq@tshold=\count270
\csq@ltx@everypar=\toks18

(/usr/share/texlive/texmf-dist/tex/latex/csquotes/csquotes.def
File: csquotes.def 2021-02-22 v5.2l csquotes generic definitions (JAW)
)
Package csquotes Info: Trying to load configuration file 'csquotes.cfg'...
Package csquotes Info: ... configuration file loaded successfully.

(/usr/share/texlive/texmf-dist/tex/latex/csquotes/csquotes.cfg
File: csquotes.cfg 
))
(/usr/share/texlive/texmf-dist/tex/latex/hyperref/hyperref.sty
Package: hyperref 2021-06-07 v7.00m Hypertext links for LaTeX

(/usr/share/texlive/texmf-dist/tex/generic/ltxcmds/ltxcmds.sty
Package: ltxcmds 2020-05-10 v1.25 LaTeX kernel commands for general use (HO)
)
(/usr/share/texlive/texmf-dist/tex/generic/pdftexcmds/pdftexcmds.sty
Package: pdftexcmds 2020-06-27 v0.33 Utility functions of pdfTeX for LuaTeX (HO
)

(/usr/share/texlive/texmf-dist/tex/generic/infwarerr/infwarerr.sty
Package: infwarerr 2019/12/03 v1.5 Providing info/warning/error messages (HO)
)
Package pdftexcmds Info: \pdf@primitive is available.
Package pdftexcmds Info: \pdf@ifprimitive is available.
Package pdftexcmds Info: \pdfdraftmode found.
)
(/usr/share/texlive/texmf-dist/tex/generic/kvsetkeys/kvsetkeys.sty
Package: kvsetkeys 2019/12/15 v1.18 Key value parser (HO)
)
(/usr/share/texlive/texmf-dist/tex/generic/kvdefinekeys/kvdefinekeys.sty
Package: kvdefinekeys 2019-12-19 v1.6 Define keys (HO)
)
(/usr/share/texlive/texmf-dist/tex/generic/pdfescape/pdfescape.sty
Package: pdfescape 2019/12/09 v1.15 Implements pdfTeX's escape features (HO)
)
(/usr/share/texlive/texmf-dist/tex/latex/hycolor/hycolor.sty
Package: hycolor 2020-01-27 v1.10 Color options for hyperref/bookmark (HO)
)
(/usr/share/texlive/texmf-dist/tex/latex/letltxmacro/letltxmacro.sty
Package: letltxmacro 2019/12/03 v1.6 Let assignment for LaTeX macros (HO)
)
(/usr/share/texlive/texmf-dist/tex/latex/auxhook/auxhook.sty
Package: auxhook 2019-12-17 v1.6 Hooks for auxiliary files (HO)
)
(/usr/share/texlive/texmf-dist/tex/latex/kvoptions/kvoptions.sty
Package: kvoptions 2020-10-07 v3.14 Key value format for package options (HO)
)
\@linkdim=\dimen148
\Hy@linkcounter=\count271
\Hy@pagecounter=\count272

(/usr/share/texlive/texmf-dist/tex/latex/hyperref/pd1enc.def
File: pd1enc.def 2021-06-07 v7.00m Hyperref: PDFDocEncoding definition (HO)
Now handling font encoding PD1 ...
... no UTF-8 mapping file for font encoding PD1
)
(/usr/share/texlive/texmf-dist/tex/latex/hyperref/hyperref-langpatches.def
File: hyperref-langpatches.def 2021-06-07 v7.00m Hyperref: patches for babel la
nguages
)
(/usr/share/texlive/texmf-dist/tex/generic/intcalc/intcalc.sty
Package: intcalc 2019/12/15 v1.3 Expandable calculations with integers (HO)
)
(/usr/share/texlive/texmf-dist/tex/generic/etexcmds/etexcmds.sty
Package: etexcmds 2019/12/15 v1.7 Avoid name clashes with e-TeX commands (HO)
)
\Hy@SavedSpaceFactor=\count273

(/usr/share/texlive/texmf-dist/tex/latex/hyperref/puenc.def
File: puenc.def 2021-06-07 v7.00m Hyperref: PDF Unicode definition (HO)
Now handling font encoding PU ...
... no UTF-8 mapping file for font encoding PU
)
Package hyperref Info: Hyper figures OFF on input line 4192.
Package hyperref Info: Link nesting OFF on input line 4197.
Package hyperref Info: Hyper index ON on input line 4200.
Package hyperref Info: Plain pages OFF on input line 4207.
Package hyperref Info: Backreferencing OFF on input line 4212.
Package hyperref Info: Implicit mode ON; LaTeX internals redefined.
Package hyperref Info: Bookmarks ON on input line 4445.
\c@Hy@tempcnt=\count274

(/usr/share/texlive/texmf-dist/tex/latex/url/url.sty
\Urlmuskip=\muskip16
Package: url 2013/09/16  ver 3.4  Verb mode for urls, etc.
)
LaTeX Info: Redefining \url on input line 4804.
\XeTeXLinkMargin=\dimen149

(/usr/share/texlive/texmf-dist/tex/generic/bitset/bitset.sty
Package: bitset 2019/12/09 v1.3 Handle bit-vector datatype (HO)

(/usr/share/texlive/texmf-dist/tex/generic/bigintcalc/bigintcalc.sty
Package: bigintcalc 2019/12/15 v1.5 Expandable calculations on big integers (HO
)
))
\Fld@menulength=\count275
\Field@Width=\dimen150
\Fld@charsize=\dimen151
Package hyperref Info: Hyper figures OFF on input line 6076.
Package hyperref Info: Link nesting OFF on input line 6081.
Package hyperref Info: Hyper index ON on input line 6084.
Package hyperref Info: backreferencing OFF on input line 6091.
Package hyperref Info: Link coloring OFF on input line 6096.
Package hyperref Info: Link coloring with OCG OFF on input line 6101.
Package hyperref Info: PDF/A mode OFF on input line 6106.
LaTeX Info: Redefining \ref on input line 6146.
LaTeX Info: Redefining \pageref on input line 6150.

(/usr/share/texlive/texmf-dist/tex/latex/base/atbegshi-ltx.sty
Package: atbegshi-ltx 2021/01/10 v1.0c Emulation of the original atbegshi
package with kernel methods
)
\Hy@abspage=\count276
\c@Item=\count277
\c@Hfootnote=\count278
)
Package hyperref Info: Driver (autodetected): hpdftex.

(/usr/share/texlive/texmf-dist/tex/latex/hyperref/hpdftex.def
File: hpdftex.def 2021-06-07 v7.00m Hyperref driver for pdfTeX

(/usr/share/texlive/texmf-dist/tex/latex/base/atveryend-ltx.sty
Package: atveryend-ltx 2020/08/19 v1.0a Emulation of the original atveryend pac
kage
with kernel methods
)
\Fld@listcount=\count279
\c@bookmark@seq@number=\count280

(/usr/share/texlive/texmf-dist/tex/latex/rerunfilecheck/rerunfilecheck.sty
Package: rerunfilecheck 2019/12/05 v1.9 Rerun checks for auxiliary files (HO)

(/usr/share/texlive/texmf-dist/tex/generic/uniquecounter/uniquecounter.sty
Package: uniquecounter 2019/12/15 v1.4 Provide unlimited unique counter (HO)
)
Package uniquecounter Info: New unique counter `rerunfilecheck' on input line 2
86.
)
\Hy@SectionHShift=\skip49
)
(/usr/share/texlive/texmf-dist/tex/latex/xcolor/xcolor.sty
Package: xcolor 2021/10/31 v2.13 LaTeX color extensions (UK)

(/usr/share/texlive/texmf-dist/tex/latex/graphics-cfg/color.cfg
File: color.cfg 2016/01/02 v1.6 sample color configuration
)
Package xcolor Info: Driver file: pdftex.def on input line 227.

(/usr/share/texlive/texmf-dist/tex/latex/graphics-def/pdftex.def
File: pdftex.def 2020/10/05 v1.2a Graphics/color driver for pdftex
)
Package xcolor Info: Model `cmy' substituted by `cmy0' on input line 1352.
Package xcolor Info: Model `hsb' substituted by `rgb' on input line 1356.
Package xcolor Info: Model `RGB' extended on input line 1368.
Package xcolor Info: Model `HTML' substituted by `rgb' on input line 1370.
Package xcolor Info: Model `Hsb' substituted by `hsb' on input line 1371.
Package xcolor Info: Model `tHsb' substituted by `hsb' on input line 1372.
Package xcolor Info: Model `HSB' substituted by `hsb' on input line 1373.
Package xcolor Info: Model `Gray' substituted by `gray' on input line 1374.
Package xcolor Info: Model `wave' substituted by `hsb' on input line 1375.

(/usr/share/texlive/texmf-dist/tex/latex/graphics/dvipsnam.def
File: dvipsnam.def 2016/06/17 v3.0m Driver-dependent file (DPC,SPQR)
))
(/usr/share/texlive/texmf-dist/tex/generic/ulem/ulem.sty
\UL@box=\box50
\UL@hyphenbox=\box51
\UL@skip=\skip50
\UL@hook=\toks19
\UL@height=\dimen152
\UL@pe=\count281
\UL@pixel=\dimen153
\ULC@box=\box52
Package: ulem 2019/11/18
\ULdepth=\dimen154
)
(/usr/share/texlive/texmf-dist/tex/latex/setspace/setspace.sty
Package: setspace 2011/12/19 v6.7a set line spacing
)
(/usr/share/texlive/texmf-dist/tex/latex/graphics/graphicx.sty
Package: graphicx 2021/09/16 v1.2d Enhanced LaTeX Graphics (DPC,SPQR)

(/usr/share/texlive/texmf-dist/tex/latex/graphics/graphics.sty
Package: graphics 2021/03/04 v1.4d Standard LaTeX Graphics (DPC,SPQR)

(/usr/share/texlive/texmf-dist/tex/latex/graphics/trig.sty
Package: trig 2021/08/11 v1.11 sin cos tan (DPC)
)
(/usr/share/texlive/texmf-dist/tex/latex/graphics-cfg/graphics.cfg
File: graphics.cfg 2016/06/04 v1.11 sample graphics configuration
)
Package graphics Info: Driver file: pdftex.def on input line 107.
)
\Gin@req@height=\dimen155
\Gin@req@width=\dimen156
)
Package csquotes Info: Checking for multilingual support...
Package csquotes Info: ... found 'babel' package.
Package csquotes Info: Adjusting default style.
Package csquotes Info: Redefining alias 'default' -> 'english'.

(/usr/share/texlive/texmf-dist/tex/latex/l3backend/l3backend-pdftex.def
File: l3backend-pdftex.def 2022-01-12 L3 backend support: PDF output (pdfTeX)
\l__color_backend_stack_int=\count282
\l__pdf_internal_box=\box53
)
(./main.aux (./titelblatt.aux))
\openout1 = `main.aux'.

LaTeX Font Info:    Checking defaults for OML/cmm/m/it on input line 24.
LaTeX Font Info:    ... okay on input line 24.
LaTeX Font Info:    Checking defaults for OMS/cmsy/m/n on input line 24.
LaTeX Font Info:    ... okay on input line 24.
LaTeX Font Info:    Checking defaults for OT1/cmr/m/n on input line 24.
LaTeX Font Info:    ... okay on input line 24.
LaTeX Font Info:    Checking defaults for T1/cmr/m/n on input line 24.
LaTeX Font Info:    ... okay on input line 24.
LaTeX Font Info:    Checking defaults for TS1/cmr/m/n on input line 24.
LaTeX Font Info:    ... okay on input line 24.
LaTeX Font Info:    Checking defaults for OMX/cmex/m/n on input line 24.
LaTeX Font Info:    ... okay on input line 24.
LaTeX Font Info:    Checking defaults for U/cmr/m/n on input line 24.
LaTeX Font Info:    ... okay on input line 24.
LaTeX Font Info:    Checking defaults for PD1/pdf/m/n on input line 24.
LaTeX Font Info:    ... okay on input line 24.
LaTeX Font Info:    Checking defaults for PU/pdf/m/n on input line 24.
LaTeX Font Info:    ... okay on input line 24.

*geometry* driver: auto-detecting
*geometry* detected driver: pdftex
*geometry* verbose mode - [ preamble ] result:
* driver: pdftex
* paper: a4paper
* layout: <same size as paper>
* layoutoffset:(h,v)=(0.0pt,0.0pt)
* modes: 
* h-part:(L,W,R)=(56.9055pt, 483.69687pt, 56.9055pt)
* v-part:(T,H,B)=(56.9055pt, 731.23584pt, 56.9055pt)
* \paperwidth=597.50787pt
* \paperheight=845.04684pt
* \textwidth=483.69687pt
* \textheight=731.23584pt
* \oddsidemargin=-15.36449pt
* \evensidemargin=-15.36449pt
* \topmargin=-52.36449pt
* \headheight=12.0pt
* \headsep=25.0pt
* \topskip=10.0pt
* \footskip=30.0pt
* \marginparwidth=57.0pt
* \marginparsep=11.0pt
* \columnsep=10.0pt
* \skip\footins=9.0pt plus 4.0pt minus 2.0pt
* \hoffset=0.0pt
* \voffset=0.0pt
* \mag=1000
* \@twocolumnfalse
* \@twosidefalse
* \@mparswitchfalse
* \@reversemarginfalse
* (1in=72.27pt=25.4mm, 1cm=28.453pt)

Package hyperref Info: Link coloring OFF on input line 24.
(/usr/share/texlive/texmf-dist/tex/latex/hyperref/nameref.sty
Package: nameref 2021-04-02 v2.47 Cross-referencing by name of section

(/usr/share/texlive/texmf-dist/tex/latex/refcount/refcount.sty
Package: refcount 2019/12/15 v3.6 Data extraction from label references (HO)
)
(/usr/share/texlive/texmf-dist/tex/generic/gettitlestring/gettitlestring.sty
Package: gettitlestring 2019/12/15 v1.6 Cleanup title references (HO)
)
\c@section@level=\count283
)
LaTeX Info: Redefining \ref on input line 24.
LaTeX Info: Redefining \pageref on input line 24.
LaTeX Info: Redefining \nameref on input line 24.

(./main.out) (./main.out)
\@outlinefile=\write3
\openout3 = `main.out'.


(/usr/share/texlive/texmf-dist/tex/context/base/mkii/supp-pdf.mkii
[Loading MPS to PDF converter (version 2006.09.02).]
\scratchcounter=\count284
\scratchdimen=\dimen157
\scratchbox=\box54
\nofMPsegments=\count285
\nofMParguments=\count286
\everyMPshowfont=\toks20
\MPscratchCnt=\count287
\MPscratchDim=\dimen158
\MPnumerator=\count288
\makeMPintoPDFobject=\count289
\everyMPtoPDFconversion=\toks21
) (/usr/share/texlive/texmf-dist/tex/latex/epstopdf-pkg/epstopdf-base.sty
Package: epstopdf-base 2020-01-24 v2.11 Base part for package epstopdf
Package epstopdf-base Info: Redefining graphics rule for `.eps' on input line 4
85.

(/usr/share/texlive/texmf-dist/tex/latex/latexconfig/epstopdf-sys.cfg
File: epstopdf-sys.cfg 2010/07/13 v1.3 Configuration of (r)epstopdf for TeX Liv
e
))
\openout2 = `titelblatt.aux'.


(./titelblatt.tex

LaTeX Font Warning: Font shape `OT1/cmss/bx/n' in size <20> not available
(Font)              size <20.74> substituted on input line 18.


LaTeX Font Warning: Font shape `OT1/cmss/m/n' in size <18> not available
(Font)              size <17.28> substituted on input line 21.


LaTeX Font Warning: Font shape `OT1/cmss/m/n' in size <16> not available
(Font)              size <17.28> substituted on input line 36.


LaTeX Font Warning: Font shape `OT1/cmss/bx/n' in size <16> not available
(Font)              size <17.28> substituted on input line 39.

[1


{/var/lib/texmf/fonts/map/pdftex/updmap/pdftex.map}]) (./main.toc
LaTeX Font Info:    External font `cmex10' loaded for size
(Font)              <7> on input line 3.
LaTeX Font Info:    External font `cmex10' loaded for size
(Font)              <5> on input line 3.
)
\tf@toc=\write4
\openout4 = `main.toc'.

 [2


]
<./Pictures//Viewer_Petrinet_Toolbar.png, id=135, 331.2375pt x 37.13875pt>
File: ./Pictures//Viewer_Petrinet_Toolbar.png Graphic file (type png)
<use ./Pictures//Viewer_Petrinet_Toolbar.png>
Package pdftex.def Info: ./Pictures//Viewer_Petrinet_Toolbar.png  used on input
 line 94.
(pdftex.def)             Requested size: 126.8824pt x 14.22636pt.

[1]
<../resources/images/Toolbar/folder.png, id=145, 20.075pt x 20.075pt>
File: ../resources/images/Toolbar/folder.png Graphic file (type png)
<use ../resources/images/Toolbar/folder.png>
Package pdftex.def Info: ../resources/images/Toolbar/folder.png  used on input 
line 101.
(pdftex.def)             Requested size: 8.02985pt x 8.02985pt.
<../resources/images/Toolbar/save.png, id=147, 20.075pt x 20.075pt>
File: ../resources/images/Toolbar/save.png Graphic file (type png)
<use ../resources/images/Toolbar/save.png>
Package pdftex.def Info: ../resources/images/Toolbar/save.png  used on input li
ne 102.
(pdftex.def)             Requested size: 8.02985pt x 8.02985pt.
<../resources/images/Toolbar/left.png, id=149, 20.075pt x 20.075pt>
File: ../resources/images/Toolbar/left.png Graphic file (type png)
<use ../resources/images/Toolbar/left.png>
Package pdftex.def Info: ../resources/images/Toolbar/left.png  used on input li
ne 103.
(pdftex.def)             Requested size: 8.02985pt x 8.02985pt.
<../resources/images/Toolbar/right.png, id=150, 20.075pt x 20.075pt>
File: ../resources/images/Toolbar/right.png Graphic file (type png)
<use ../resources/images/Toolbar/right.png>
Package pdftex.def Info: ../resources/images/Toolbar/right.png  used on input l
ine 104.
(pdftex.def)             Requested size: 8.02985pt x 8.02985pt.
<../resources/images/Toolbar/plus.png, id=151, 20.075pt x 20.075pt>
File: ../resources/images/Toolbar/plus.png Graphic file (type png)
<use ../resources/images/Toolbar/plus.png>
Package pdftex.def Info: ../resources/images/Toolbar/plus.png  used on input li
ne 105.
(pdftex.def)             Requested size: 8.02985pt x 8.02985pt.
<../resources/images/Toolbar/minus.png, id=152, 20.075pt x 20.075pt>
File: ../resources/images/Toolbar/minus.png Graphic file (type png)
<use ../resources/images/Toolbar/minus.png>
Package pdftex.def Info: ../resources/images/Toolbar/minus.png  used on input l
ine 106.
(pdftex.def)             Requested size: 8.02985pt x 8.02985pt.
<../resources/images/Toolbar/restart.png, id=153, 20.075pt x 20.075pt>
File: ../resources/images/Toolbar/restart.png Graphic file (type png)
<use ../resources/images/Toolbar/restart.png>
Package pdftex.def Info: ../resources/images/Toolbar/restart.png  used on input
 line 107.
(pdftex.def)             Requested size: 8.02985pt x 8.02985pt.
<../resources/images/Toolbar/zoom-in.png, id=154, 20.075pt x 20.075pt>
File: ../resources/images/Toolbar/zoom-in.png Graphic file (type png)
<use ../resources/images/Toolbar/zoom-in.png>
Package pdftex.def Info: ../resources/images/Toolbar/zoom-in.png  used on input
 line 108.
(pdftex.def)             Requested size: 8.02985pt x 8.02985pt.
<../resources/images/Toolbar/zoom-out.png, id=155, 20.075pt x 20.075pt>
File: ../resources/images/Toolbar/zoom-out.png Graphic file (type png)
<use ../resources/images/Toolbar/zoom-out.png>
Package pdftex.def Info: ../resources/images/Toolbar/zoom-out.png  used on inpu
t line 109.
(pdftex.def)             Requested size: 8.02985pt x 8.02985pt.
<../resources/images/Toolbar/edit.png, id=156, 20.075pt x 20.075pt>
File: ../resources/images/Toolbar/edit.png Graphic file (type png)
<use ../resources/images/Toolbar/edit.png>
Package pdftex.def Info: ../resources/images/Toolbar/edit.png  used on input li
ne 110.
(pdftex.def)             Requested size: 8.02985pt x 8.02985pt.
<./Pictures//Viewer_Reachability_Toolbar.png, id=158, 365.365pt x 34.1275pt>
File: ./Pictures//Viewer_Reachability_Toolbar.png Graphic file (type png)
<use ./Pictures//Viewer_Reachability_Toolbar.png>
Package pdftex.def Info: ./Pictures//Viewer_Reachability_Toolbar.png  used on i
nput line 115.
(pdftex.def)             Requested size: 152.30379pt x 14.22636pt.
<../resources/images/Toolbar/stats.png, id=159, 20.075pt x 20.075pt>
File: ../resources/images/Toolbar/stats.png Graphic file (type png)
<use ../resources/images/Toolbar/stats.png>
Package pdftex.def Info: ../resources/images/Toolbar/stats.png  used on input l
ine 119.
(pdftex.def)             Requested size: 8.02985pt x 8.02985pt.
<../resources/images/Toolbar/delete.png, id=160, 20.075pt x 20.075pt>
File: ../resources/images/Toolbar/delete.png Graphic file (type png)
<use ../resources/images/Toolbar/delete.png>
Package pdftex.def Info: ../resources/images/Toolbar/delete.png  used on input 
line 120.
(pdftex.def)             Requested size: 8.02985pt x 8.02985pt.
<../resources/images/Toolbar/undo.png, id=161, 20.075pt x 20.075pt>
File: ../resources/images/Toolbar/undo.png Graphic file (type png)
<use ../resources/images/Toolbar/undo.png>
Package pdftex.def Info: ../resources/images/Toolbar/undo.png  used on input li
ne 121.
(pdftex.def)             Requested size: 8.02985pt x 8.02985pt.
<../resources/images/Toolbar/redo.png, id=162, 16.06pt x 16.06pt>
File: ../resources/images/Toolbar/redo.png Graphic file (type png)
<use ../resources/images/Toolbar/redo.png>
Package pdftex.def Info: ../resources/images/Toolbar/redo.png  used on input li
ne 122.
(pdftex.def)             Requested size: 6.42387pt x 6.42387pt.
<../resources/images/Toolbar/input.png, id=163, 20.075pt x 20.075pt>
File: ../resources/images/Toolbar/input.png Graphic file (type png)
<use ../resources/images/Toolbar/input.png>
Package pdftex.def Info: ../resources/images/Toolbar/input.png  used on input l
ine 123.
(pdftex.def)             Requested size: 8.02985pt x 8.02985pt.
File: ../resources/images/Toolbar/zoom-in.png Graphic file (type png)
<use ../resources/images/Toolbar/zoom-in.png>
Package pdftex.def Info: ../resources/images/Toolbar/zoom-in.png  used on input
 line 124.
(pdftex.def)             Requested size: 8.02985pt x 8.02985pt.
File: ../resources/images/Toolbar/zoom-out.png Graphic file (type png)
<use ../resources/images/Toolbar/zoom-out.png>
Package pdftex.def Info: ../resources/images/Toolbar/zoom-out.png  used on inpu
t line 125.
(pdftex.def)             Requested size: 8.02985pt x 8.02985pt.
<../resources/images/Toolbar/tree-layout.png, id=164, 20.075pt x 20.075pt>
File: ../resources/images/Toolbar/tree-layout.png Graphic file (type png)
<use ../resources/images/Toolbar/tree-layout.png>
Package pdftex.def Info: ../resources/images/Toolbar/tree-layout.png  used on i
nput line 126.
(pdftex.def)             Requested size: 8.02985pt x 8.02985pt.
<../resources/images/Toolbar/circle-layout.png, id=166, 20.075pt x 20.075pt>
File: ../resources/images/Toolbar/circle-layout.png Graphic file (type png)
<use ../resources/images/Toolbar/circle-layout.png>
Package pdftex.def Info: ../resources/images/Toolbar/circle-layout.png  used on
 input line 127.
(pdftex.def)             Requested size: 8.02985pt x 8.02985pt.
<../resources/images/Toolbar/auto-layout.png, id=168, 20.075pt x 20.075pt>
File: ../resources/images/Toolbar/auto-layout.png Graphic file (type png)
<use ../resources/images/Toolbar/auto-layout.png>
Package pdftex.def Info: ../resources/images/Toolbar/auto-layout.png  used on i
nput line 128.
(pdftex.def)             Requested size: 8.02985pt x 8.02985pt.
<../resources/images/Toolbar/layout.png, id=169, 20.075pt x 20.075pt>
File: ../resources/images/Toolbar/layout.png Graphic file (type png)
<use ../resources/images/Toolbar/layout.png>
Package pdftex.def Info: ../resources/images/Toolbar/layout.png  used on input 
line 129.
(pdftex.def)             Requested size: 8.02985pt x 8.02985pt.
<../resources/images/Toolbar/design.png, id=170, 20.075pt x 20.075pt>
File: ../resources/images/Toolbar/design.png Graphic file (type png)
<use ../resources/images/Toolbar/design.png>
Package pdftex.def Info: ../resources/images/Toolbar/design.png  used on input 
line 130.
(pdftex.def)             Requested size: 8.02985pt x 8.02985pt.
<./Pictures//Editor_Toolbar.png, id=171, 462.72874pt x 32.12pt>
File: ./Pictures//Editor_Toolbar.png Graphic file (type png)
<use ./Pictures//Editor_Toolbar.png>
Package pdftex.def Info: ./Pictures//Editor_Toolbar.png  used on input line 139
.
(pdftex.def)             Requested size: 204.94986pt x 14.22636pt.
 [2 <./Pictures//Viewer_Petrinet_Toolbar.png> <../resources/images/Toolbar/fold
er.png> <../resources/images/Toolbar/save.png> <../resources/images/Toolbar/lef
t.png> <../resources/images/Toolbar/right.png> <../resources/images/Toolbar/plu
s.png> <../resources/images/Toolbar/minus.png> <../resources/images/Toolbar/res
tart.png> <../resources/images/Toolbar/zoom-in.png> <../resources/images/Toolba
r/zoom-out.png> <../resources/images/Toolbar/edit.png> <./Pictures//Viewer_Reac
hability_Toolbar.png> <../resources/images/Toolbar/stats.png> <../resources/ima
ges/Toolbar/delete.png> <../resources/images/Toolbar/undo.png> <../resources/im
ages/Toolbar/redo.png> <../resources/images/Toolbar/input.png> <../resources/im
ages/Toolbar/tree-layout.png> <../resources/images/Toolbar/circle-layout.png> <
../resources/images/Toolbar/auto-layout.png> <../resources/images/Toolbar/layou
t.png> <../resources/images/Toolbar/design.png>]
File: ../resources/images/Toolbar/folder.png Graphic file (type png)
<use ../resources/images/Toolbar/folder.png>
Package pdftex.def Info: ../resources/images/Toolbar/folder.png  used on input 
line 143.
(pdftex.def)             Requested size: 8.02985pt x 8.02985pt.
File: ../resources/images/Toolbar/save.png Graphic file (type png)
<use ../resources/images/Toolbar/save.png>
Package pdftex.def Info: ../resources/images/Toolbar/save.png  used on input li
ne 144.
(pdftex.def)             Requested size: 8.02985pt x 8.02985pt.
File: ../resources/images/Toolbar/left.png Graphic file (type png)
<use ../resources/images/Toolbar/left.png>
Package pdftex.def Info: ../resources/images/Toolbar/left.png  used on input li
ne 145.
(pdftex.def)             Requested size: 8.02985pt x 8.02985pt.
File: ../resources/images/Toolbar/right.png Graphic file (type png)
<use ../resources/images/Toolbar/right.png>
Package pdftex.def Info: ../resources/images/Toolbar/right.png  used on input l
ine 146.
(pdftex.def)             Requested size: 8.02985pt x 8.02985pt.
File: ../resources/images/Toolbar/plus.png Graphic file (type png)
<use ../resources/images/Toolbar/plus.png>
Package pdftex.def Info: ../resources/images/Toolbar/plus.png  used on input li
ne 147.
(pdftex.def)             Requested size: 8.02985pt x 8.02985pt.
File: ../resources/images/Toolbar/minus.png Graphic file (type png)
<use ../resources/images/Toolbar/minus.png>
Package pdftex.def Info: ../resources/images/Toolbar/minus.png  used on input l
ine 148.
(pdftex.def)             Requested size: 8.02985pt x 8.02985pt.
File: ../resources/images/Toolbar/zoom-in.png Graphic file (type png)
<use ../resources/images/Toolbar/zoom-in.png>
Package pdftex.def Info: ../resources/images/Toolbar/zoom-in.png  used on input
 line 149.
(pdftex.def)             Requested size: 8.02985pt x 8.02985pt.
File: ../resources/images/Toolbar/zoom-out.png Graphic file (type png)
<use ../resources/images/Toolbar/zoom-out.png>
Package pdftex.def Info: ../resources/images/Toolbar/zoom-out.png  used on inpu
t line 150.
(pdftex.def)             Requested size: 8.02985pt x 8.02985pt.
<../resources/images/Toolbar/add-circle.png, id=209, 20.075pt x 20.075pt>
File: ../resources/images/Toolbar/add-circle.png Graphic file (type png)
<use ../resources/images/Toolbar/add-circle.png>
Package pdftex.def Info: ../resources/images/Toolbar/add-circle.png  used on in
put line 151.
(pdftex.def)             Requested size: 8.02985pt x 8.02985pt.
<../resources/images/Toolbar/add-square.png, id=210, 20.075pt x 20.075pt>
File: ../resources/images/Toolbar/add-square.png Graphic file (type png)
<use ../resources/images/Toolbar/add-square.png>
Package pdftex.def Info: ../resources/images/Toolbar/add-square.png  used on in
put line 152.
(pdftex.def)             Requested size: 8.02985pt x 8.02985pt.
<../resources/images/Toolbar/erase.png, id=211, 20.075pt x 20.075pt>
File: ../resources/images/Toolbar/erase.png Graphic file (type png)
<use ../resources/images/Toolbar/erase.png>
Package pdftex.def Info: ../resources/images/Toolbar/erase.png  used on input l
ine 153.
(pdftex.def)             Requested size: 8.02985pt x 8.02985pt.
<../resources/images/Toolbar/arc.png, id=212, 20.075pt x 20.075pt>
File: ../resources/images/Toolbar/arc.png Graphic file (type png)
<use ../resources/images/Toolbar/arc.png>
Package pdftex.def Info: ../resources/images/Toolbar/arc.png  used on input lin
e 154.
(pdftex.def)             Requested size: 8.02985pt x 8.02985pt.
<../resources/images/Toolbar/remove-edge.png, id=213, 16.06pt x 16.06pt>
File: ../resources/images/Toolbar/remove-edge.png Graphic file (type png)
<use ../resources/images/Toolbar/remove-edge.png>
Package pdftex.def Info: ../resources/images/Toolbar/remove-edge.png  used on i
nput line 155.
(pdftex.def)             Requested size: 6.42387pt x 6.42387pt.
<../resources/images/Toolbar/label.png, id=214, 20.075pt x 20.075pt>
File: ../resources/images/Toolbar/label.png Graphic file (type png)
<use ../resources/images/Toolbar/label.png>
Package pdftex.def Info: ../resources/images/Toolbar/label.png  used on input l
ine 156.
(pdftex.def)             Requested size: 8.02985pt x 8.02985pt.
<../resources/images/Toolbar/eye.png, id=215, 20.075pt x 20.075pt>
File: ../resources/images/Toolbar/eye.png Graphic file (type png)
<use ../resources/images/Toolbar/eye.png>
Package pdftex.def Info: ../resources/images/Toolbar/eye.png  used on input lin
e 157.
(pdftex.def)             Requested size: 8.02985pt x 8.02985pt.
<./Pictures//Editor_Reachability.png, id=217, 66.2475pt x 37.13875pt>
File: ./Pictures//Editor_Reachability.png Graphic file (type png)
<use ./Pictures//Editor_Reachability.png>
Package pdftex.def Info: ./Pictures//Editor_Reachability.png  used on input lin
e 163.
(pdftex.def)             Requested size: 25.37646pt x 14.22636pt.
File: ../resources/images/Toolbar/layout.png Graphic file (type png)
<use ../resources/images/Toolbar/layout.png>
Package pdftex.def Info: ../resources/images/Toolbar/layout.png  used on input 
line 167.
(pdftex.def)             Requested size: 8.02985pt x 8.02985pt.
File: ../resources/images/Toolbar/design.png Graphic file (type png)
<use ../resources/images/Toolbar/design.png>
Package pdftex.def Info: ../resources/images/Toolbar/design.png  used on input 
line 168.
(pdftex.def)             Requested size: 8.02985pt x 8.02985pt.
 [3 <./Pictures//Editor_Toolbar.png> <../resources/images/Toolbar/add-circle.pn
g> <../resources/images/Toolbar/add-square.png> <../resources/images/Toolbar/er
ase.png> <../resources/images/Toolbar/arc.png> <../resources/images/Toolbar/rem
ove-edge.png> <../resources/images/Toolbar/label.png> <../resources/images/Tool
bar/eye.png> <./Pictures//Editor_Reachability.png>] [4] (./main.aux (./titelbla
tt.aux))

LaTeX Font Warning: Size substitutions with differences
(Font)              up to 1.28pt have occurred.

Package rerunfilecheck Info: File `main.out' has not changed.
(rerunfilecheck)             Checksum: 4706518495852E3D8B5C09B50F28A985;2800.
 )
(\end occurred inside a group at level 1)

### semi simple group (level 1) entered at line 38 (\begingroup)
### bottom level 
Here is how much of TeX's memory you used:
 11422 strings out of 480194
 185016 string characters out of 5893741
 508702 words of memory out of 5000000
 29183 multiletter control sequences out of 15000+600000
 473839 words of font info for 44 fonts, out of 8000000 for 9000
 14 hyphenation exceptions out of 8191
 60i,6n,63p,545b,472s stack positions out of 5000i,500n,10000p,200000b,80000s
 </home/bernd/.texlive2021/texmf-var/fonts/pk/ljfour/jknappen/e
c/tcrm1000.600pk></usr/share/texlive/texmf-dist/fonts/type1/public/amsfonts/cm/
cmbx10.pfb></usr/share/texlive/texmf-dist/fonts/type1/public/amsfonts/cm/cmbx12
.pfb></usr/share/texlive/texmf-dist/fonts/type1/public/amsfonts/cm/cmr10.pfb></
usr/share/texlive/texmf-dist/fonts/type1/public/amsfonts/cm/cmssbx10.pfb></usr/
share/texlive/texmf-dist/fonts/type1/public/amsfonts/cm/cmsy10.pfb></usr/share/
texlive/texmf-dist/fonts/type1/public/amsfonts/cm/cmti10.pfb></usr/share/texliv
e/texmf-dist/fonts/type1/public/amsfonts/cm/cmtt10.pfb>
Output written on main.pdf (6 pages, 140678 bytes).
PDF statistics:
 290 PDF objects out of 1000 (max. 8388607)
 202 compressed objects within 3 object streams
 39 named destinations out of 1000 (max. 500000)
 340 words of extra memory for PDF output out of 10000 (max. 10000000)

